D:\ARCH\ARCHIVE_MAKER\ARCHIVE_MAKER\DEBUG\BITWRITER.OBJ
D:\ARCH\ARCHIVE_MAKER\ARCHIVE_MAKER\DEBUG\COMPARES.OBJ
D:\ARCH\ARCHIVE_MAKER\ARCHIVE_MAKER\DEBUG\FILESYSTEM.OBJ
D:\ARCH\ARCHIVE_MAKER\ARCHIVE_MAKER\DEBUG\HELP_FUNCTIONS.OBJ
D:\ARCH\ARCHIVE_MAKER\ARCHIVE_MAKER\DEBUG\INCLUDES.OBJ
D:\ARCH\ARCHIVE_MAKER\ARCHIVE_MAKER\DEBUG\MAIN.OBJ
D:\ARCH\ARCHIVE_MAKER\ARCHIVE_MAKER\DEBUG\NODE.OBJ
D:\ARCH\ARCHIVE_MAKER\ARCHIVE_MAKER\DEBUG\READ_WRITE_STREAMS.OBJ
D:\ARCH\ARCHIVE_MAKER\ARCHIVE_MAKER\DEBUG\SERIALIZATION.OBJ
D:\ARCH\ARCHIVE_MAKER\ARCHIVE_MAKER\DEBUG\VC110.PDB
D:\ARCH\ARCHIVE_MAKER\DEBUG\ARCHIVE_MAKER.ILK
D:\ARCH\ARCHIVE_MAKER\DEBUG\ARCHIVE_MAKER.EXE
D:\ARCH\ARCHIVE_MAKER\DEBUG\ARCHIVE_MAKER.PDB
D:\arch\ARCHIVE_MAKER\ARCHIVE_MAKER\Debug\bitwriter.obj
D:\arch\ARCHIVE_MAKER\ARCHIVE_MAKER\Debug\Compares.obj
D:\arch\ARCHIVE_MAKER\ARCHIVE_MAKER\Debug\filesystem.obj
D:\arch\ARCHIVE_MAKER\ARCHIVE_MAKER\Debug\help_functions.obj
D:\arch\ARCHIVE_MAKER\ARCHIVE_MAKER\Debug\includes.obj
D:\arch\ARCHIVE_MAKER\ARCHIVE_MAKER\Debug\main.obj
D:\arch\ARCHIVE_MAKER\ARCHIVE_MAKER\Debug\node.obj
D:\arch\ARCHIVE_MAKER\ARCHIVE_MAKER\Debug\read_write_streams.obj
D:\arch\ARCHIVE_MAKER\ARCHIVE_MAKER\Debug\serialization.obj
D:\arch\ARCHIVE_MAKER\ARCHIVE_MAKER\Debug\cl.command.1.tlog
D:\arch\ARCHIVE_MAKER\ARCHIVE_MAKER\Debug\CL.read.1.tlog
D:\arch\ARCHIVE_MAKER\ARCHIVE_MAKER\Debug\CL.write.1.tlog
D:\arch\ARCHIVE_MAKER\ARCHIVE_MAKER\Debug\link-cvtres.read.1.tlog
D:\arch\ARCHIVE_MAKER\ARCHIVE_MAKER\Debug\link-cvtres.write.1.tlog
D:\arch\ARCHIVE_MAKER\ARCHIVE_MAKER\Debug\link-rc.read.1.tlog
D:\arch\ARCHIVE_MAKER\ARCHIVE_MAKER\Debug\link-rc.write.1.tlog
D:\arch\ARCHIVE_MAKER\ARCHIVE_MAKER\Debug\link.10864-cvtres.read.1.tlog
D:\arch\ARCHIVE_MAKER\ARCHIVE_MAKER\Debug\link.10864-cvtres.write.1.tlog
D:\arch\ARCHIVE_MAKER\ARCHIVE_MAKER\Debug\link.10864-rc.read.1.tlog
D:\arch\ARCHIVE_MAKER\ARCHIVE_MAKER\Debug\link.10864-rc.write.1.tlog
D:\arch\ARCHIVE_MAKER\ARCHIVE_MAKER\Debug\link.10864.read.1.tlog
D:\arch\ARCHIVE_MAKER\ARCHIVE_MAKER\Debug\link.10864.write.1.tlog
D:\arch\ARCHIVE_MAKER\ARCHIVE_MAKER\Debug\link.11036-cvtres.read.1.tlog
D:\arch\ARCHIVE_MAKER\ARCHIVE_MAKER\Debug\link.11036-cvtres.write.1.tlog
D:\arch\ARCHIVE_MAKER\ARCHIVE_MAKER\Debug\link.11036-rc.read.1.tlog
D:\arch\ARCHIVE_MAKER\ARCHIVE_MAKER\Debug\link.11036-rc.write.1.tlog
D:\arch\ARCHIVE_MAKER\ARCHIVE_MAKER\Debug\link.11036.read.1.tlog
D:\arch\ARCHIVE_MAKER\ARCHIVE_MAKER\Debug\link.11036.write.1.tlog
D:\arch\ARCHIVE_MAKER\ARCHIVE_MAKER\Debug\link.9648-cvtres.read.1.tlog
D:\arch\ARCHIVE_MAKER\ARCHIVE_MAKER\Debug\link.9648-cvtres.write.1.tlog
D:\arch\ARCHIVE_MAKER\ARCHIVE_MAKER\Debug\link.9648-rc.read.1.tlog
D:\arch\ARCHIVE_MAKER\ARCHIVE_MAKER\Debug\link.9648-rc.write.1.tlog
D:\arch\ARCHIVE_MAKER\ARCHIVE_MAKER\Debug\link.9648.read.1.tlog
D:\arch\ARCHIVE_MAKER\ARCHIVE_MAKER\Debug\link.9648.write.1.tlog
D:\arch\ARCHIVE_MAKER\ARCHIVE_MAKER\Debug\link.command.1.tlog
D:\arch\ARCHIVE_MAKER\ARCHIVE_MAKER\Debug\link.read.1.tlog
D:\arch\ARCHIVE_MAKER\ARCHIVE_MAKER\Debug\link.write.1.tlog
D:\arch\ARCHIVE_MAKER\ARCHIVE_MAKER\Debug\vc110.idb
D:\arch\ARCHIVE_MAKER\ARCHIVE_MAKER\Debug\vc110.pdb
D:\arch\ARCHIVE_MAKER\Debug\ARCHIVE_MAKER.pdb
D:\arch\ARCHIVE_MAKER\Debug\ARCHIVE_MAKER.exe
D:\arch\ARCHIVE_MAKER\Debug\ARCHIVE_MAKER.ilk
